d:\work\lua\luaexe\x64\release\vc143.pdb
d:\work\lua\luaexe\x64\release\lopcodes.obj
d:\work\lua\luaexe\x64\release\lobject.obj
d:\work\lua\luaexe\x64\release\loadlib.obj
d:\work\lua\luaexe\x64\release\lmem.obj
d:\work\lua\luaexe\x64\release\lmathlib.obj
d:\work\lua\luaexe\x64\release\llex.obj
d:\work\lua\luaexe\x64\release\liolib.obj
d:\work\lua\luaexe\x64\release\linit.obj
d:\work\lua\luaexe\x64\release\lgc.obj
d:\work\lua\luaexe\x64\release\lfunc.obj
d:\work\lua\luaexe\x64\release\ldump.obj
d:\work\lua\luaexe\x64\release\ldo.obj
d:\work\lua\luaexe\x64\release\ldebug.obj
d:\work\lua\luaexe\x64\release\ldblib.obj
d:\work\lua\luaexe\x64\release\lctype.obj
d:\work\lua\luaexe\x64\release\lcorolib.obj
d:\work\lua\luaexe\x64\release\lcode.obj
d:\work\lua\luaexe\x64\release\lbaselib.obj
d:\work\lua\luaexe\x64\release\lauxlib.obj
d:\work\lua\luaexe\x64\release\lapi.obj
d:\work\lua\luaexe\x64\release\lzio.obj
d:\work\lua\luaexe\x64\release\lvm.obj
d:\work\lua\luaexe\x64\release\lutf8lib.obj
d:\work\lua\luaexe\x64\release\lundump.obj
d:\work\lua\luaexe\x64\release\luac.obj
d:\work\lua\luaexe\x64\release\lua.obj
d:\work\lua\luaexe\x64\release\ltm.obj
d:\work\lua\luaexe\x64\release\ltablib.obj
d:\work\lua\luaexe\x64\release\ltable.obj
d:\work\lua\luaexe\x64\release\lstrlib.obj
d:\work\lua\luaexe\x64\release\lstring.obj
d:\work\lua\luaexe\x64\release\lstate.obj
d:\work\lua\luaexe\x64\release\lparser.obj
d:\work\lua\luaexe\x64\release\loslib.obj
d:\work\lua\luaexe\x64\release\luaexe.exe
d:\work\lua\luaexe\x64\release\luaexe.pdb
d:\work\lua\luaexe\x64\release\luaexe.ipdb
d:\work\lua\luaexe\x64\release\luaexe.iobj
d:\work\lua\luaexe\x64\release\luaexe.tlog\cl.command.1.tlog
d:\work\lua\luaexe\x64\release\luaexe.tlog\cl.read.1.tlog
d:\work\lua\luaexe\x64\release\luaexe.tlog\cl.write.1.tlog
d:\work\lua\luaexe\x64\release\luaexe.tlog\link.command.1.tlog
d:\work\lua\luaexe\x64\release\luaexe.tlog\link.read.1.tlog
d:\work\lua\luaexe\x64\release\luaexe.tlog\link.write.1.tlog
d:\work\lua\luaexe\x64\release\luaexe.tlog\luaexe.write.1u.tlog
